Num Spam: 43, Num Ham: 59
Total Vocab: 30316.0,
       Total Unique Vocab: 5601,
       Total Spam Vocab: 17851.0, 
       Total Ham Vocab: 12465.0
[Priors] Spam: 0.421568627451, Ham: 0.578431372549
0	-9.82787146701	-9.65607518653	HAM
0	-9.31704584324	-8.55746289786	HAM
0	-2191.1588365	-2021.72420184	HAM
0	-281.842510908	-248.630590416	HAM
0	-916.441638904	-878.151478825	HAM
0	-1653.48319844	-1492.50829857	HAM
1	-395.32418664	-381.836278447	HAM
1	-469.326129307	-514.959604259	SPAM
1	-929.769132314	-1010.88945311	SPAM
0	-580.653856258	-614.353545243	SPAM
0	-308.945761337	-276.031549971	HAM
0	-47.2260842694	-40.2045304237	HAM
0	-950.866291476	-848.782383396	HAM
1	-1072.4835333	-960.299272087	HAM
1	-606.745205434	-633.062794683	SPAM
0	-640.316398508	-676.856179047	SPAM
0	-899.109077747	-813.432461852	HAM
0	-639.476372133	-553.677146111	HAM
1	-486.410820816	-462.414233728	HAM
1	-611.928765714	-658.589558436	SPAM
0	-635.74110717	-666.787750109	SPAM
0	-696.435672685	-629.002221062	HAM
0	-681.831135474	-598.769957542	HAM
0	-369.245483103	-351.476873109	HAM
0	-718.371237407	-652.160468206	HAM
0	-0.863772697591	-0.547435369379	HAM
1	-156.00375198	-164.804412617	SPAM
0	-4309.48846682	-4554.2657293	SPAM
0	-449.579304968	-428.547287677	HAM
0	-4939.1098802	-4573.78504473	HAM
1	-244.905381381	-235.58412329	HAM
1	-311.635400148	-325.911403557	SPAM
1	-831.664842063	-873.750665201	SPAM
0	-879.275299271	-925.688581271	SPAM
0	-975.290611491	-889.980938447	HAM
0	-504.915432143	-460.268894626	HAM
0	-1898.93680073	-1639.92363215	HAM
1	-1343.34660959	-1220.86994229	HAM
1	-1015.09425808	-1076.04479956	SPAM
0	-770.626722148	-854.745216758	SPAM
1	-2819.24353941	-2554.85851653	HAM
1	-611.928765714	-658.589558436	SPAM
1	-2762.75629967	-3018.43630913	SPAM
1	-720.096441716	-773.495055997	SPAM
0	-3625.37852599	-3812.89495205	SPAM
0	-2212.35443204	-1998.82931158	HAM
0	-345.56410633	-307.093053957	HAM
0	-1926.42342673	-1743.90911183	HAM
1	-3495.99094154	-3146.43309235	HAM
0	-706.125164166	-767.919796417	SPAM
0	-1087.79215933	-962.879871575	HAM
0	-0.863772697591	-0.547435369379	HAM
0	-214.286501931	-192.047553524	HAM
1	-2231.83858785	-1968.36892017	HAM
1	-2137.50598561	-2353.95473061	SPAM
1	-0.863772697591	-0.547435369379	HAM
0	-1395.45972054	-1503.39187624	SPAM
1	-1024.56020362	-952.885678046	HAM
1	-2137.50598561	-2353.95473061	SPAM
1	-6305.6482386	-6829.84991554	SPAM
1	-331.274463215	-356.956290233	SPAM
0	-595.848385576	-635.245056997	SPAM
0	-2096.92848754	-1909.39364105	HAM
0	-583.521554113	-504.120608554	HAM
0	-1877.48962277	-1620.69043194	HAM
0	-683.378112888	-667.261866064	HAM
1	-446.285412684	-414.211308778	HAM
0	-137.188458245	-148.700692887	SPAM
0	-1266.05455359	-1156.39609571	HAM
0	-664.544822194	-577.929869077	HAM
1	-555.988884539	-533.155138506	HAM
1	-9632.34558359	-10393.7479119	SPAM
0	-1152.86690174	-1213.90891261	SPAM
0	-898.397412541	-816.518631296	HAM
0	-885.658525945	-784.54536986	HAM
1	-1005.3195121	-907.783323451	HAM
1	-1942.18713384	-2080.18120214	SPAM
1	-51.9729403403	-56.2671149023	SPAM
1	-0.863772697591	-0.547435369379	HAM
0	-720.940952335	-755.900616572	SPAM
0	-520.429195616	-477.113304539	HAM
0	-575.967371306	-495.978867216	HAM
0	-105.987556167	-100.816889087	HAM
1	-2678.75130225	-2458.46997589	HAM
1	-693.871997519	-750.07779373	SPAM
0	-827.955057653	-893.647169847	SPAM
0	-590.223872151	-555.959166237	HAM
1	-856.836476187	-760.555354691	HAM
1	-693.871997519	-750.07779373	SPAM
1	-5927.74644702	-6536.51957165	SPAM
1	-687.909284555	-746.695734673	SPAM
0	-470.574910569	-512.368166665	SPAM
0	-333.262156386	-322.809841773	HAM
0	-1887.55233383	-1630.89768405	HAM
1	-344.209940278	-333.512567978	HAM
1	-154.338641003	-164.418599584	SPAM
1	-832.038481237	-873.001888834	SPAM
0	-1760.75167144	-1849.52840305	SPAM
1	-712.500652463	-698.097109431	HAM
1	-1781.06549208	-1910.65904177	SPAM
1	-2039.19695882	-2150.8503704	SPAM
1	-0.863772697591	-0.547435369379	HAM
Accuracy: 65.6862745098, Error Rate: 34.3137254902, # of Miscats: 35.0
