Num Spam: 43, Num Ham: 55
Total Vocab: 30316.0,
       Total Unique Vocab: 5601,
       Total Spam Vocab: 17851.0, 
       Total Ham Vocab: 12465.0
[Priors] Spam: 0.438775510204, Ham: 0.561224489796
0	-9.78786613239	-9.68627411059	HAM
0	-9.27704050863	-8.58766182192	HAM
0	-2191.11883116	-2021.75440076	HAM
0	-281.802505573	-248.66078934	HAM
0	-916.401633569	-878.181677749	HAM
0	-1653.44319311	-1492.5384975	HAM
1	-395.284181305	-381.866477371	HAM
1	-469.286123972	-514.989803183	SPAM
1	-929.72912698	-1010.91965204	SPAM
0	-580.613850923	-614.383744167	SPAM
0	-308.905756003	-276.061748895	HAM
0	-47.1860789348	-40.2347293477	HAM
0	-950.826286141	-848.81258232	HAM
1	-1072.44352797	-960.329471011	HAM
1	-606.705200099	-633.092993607	SPAM
0	-640.276393173	-676.886377971	SPAM
0	-899.069072412	-813.462660776	HAM
0	-639.436366799	-553.707345035	HAM
1	-486.370815481	-462.444432652	HAM
1	-611.888760379	-658.61975736	SPAM
0	-635.701101835	-666.817949033	SPAM
0	-696.395667351	-629.032419986	HAM
0	-681.79113014	-598.800156466	HAM
0	-369.205477768	-351.507072033	HAM
0	-718.331232072	-652.19066713	HAM
1	-155.963746645	-164.834611541	SPAM
0	-4309.44846148	-4554.29592822	SPAM
0	-449.539299634	-428.577486601	HAM
0	-4939.06987487	-4573.81524366	HAM
1	-244.865376047	-235.614322214	HAM
1	-311.595394813	-325.941602481	SPAM
1	-831.624836729	-873.780864125	SPAM
0	-879.235293936	-925.718780195	SPAM
0	-975.250606156	-890.011137371	HAM
0	-504.875426808	-460.29909355	HAM
0	-1898.89679539	-1639.95383108	HAM
1	-1343.30660425	-1220.90014121	HAM
1	-1015.05425275	-1076.07499848	SPAM
0	-770.586716813	-854.775415682	SPAM
1	-2819.20353407	-2554.88871546	HAM
1	-611.888760379	-658.61975736	SPAM
1	-2762.71629433	-3018.46650805	SPAM
1	-720.056436381	-773.525254921	SPAM
0	-3625.33852065	-3812.92515098	SPAM
0	-2212.31442671	-1998.85951051	HAM
0	-345.524100995	-307.123252881	HAM
0	-1926.38342139	-1743.93931076	HAM
1	-3495.9509362	-3146.46329128	HAM
0	-706.085158831	-767.949995342	SPAM
0	-1087.75215399	-962.910070499	HAM
0	-214.246496596	-192.077752448	HAM
1	-2231.79858251	-1968.3991191	HAM
1	-2137.46598027	-2353.98492953	SPAM
1	-0.823767362977	-0.577634293438	HAM
0	-1395.4197152	-1503.42207516	SPAM
1	-1024.52019829	-952.91587697	HAM
1	-2137.46598027	-2353.98492953	SPAM
1	-6305.60823327	-6829.88011447	SPAM
1	-331.23445788	-356.986489157	SPAM
0	-595.808380241	-635.275255921	SPAM
0	-2096.8884822	-1909.42383997	HAM
0	-583.481548778	-504.150807478	HAM
0	-1877.44961744	-1620.72063087	HAM
0	-683.338107553	-667.292064988	HAM
1	-446.24540735	-414.241507702	HAM
0	-137.14845291	-148.730891811	SPAM
0	-1266.01454826	-1156.42629463	HAM
0	-664.504816859	-577.960068001	HAM
1	-555.948879204	-533.18533743	HAM
1	-9632.30557826	-10393.7781108	SPAM
0	-1152.8268964	-1213.93911154	SPAM
0	-898.357407207	-816.54883022	HAM
0	-885.61852061	-784.575568784	HAM
1	-1005.27950676	-907.813522375	HAM
1	-1942.1471285	-2080.21140107	SPAM
1	-51.9329350057	-56.2973138263	SPAM
0	-720.900947	-755.930815496	SPAM
0	-520.389190282	-477.143503463	HAM
0	-575.927365971	-496.00906614	HAM
0	-105.947550832	-100.847088011	HAM
1	-2678.71129692	-2458.50017481	HAM
1	-693.831992184	-750.107992654	SPAM
0	-827.915052319	-893.677368771	SPAM
0	-590.183866817	-555.989365161	HAM
1	-856.796470852	-760.585553615	HAM
1	-693.831992184	-750.107992654	SPAM
1	-5927.70644169	-6536.54977058	SPAM
1	-687.86927922	-746.725933597	SPAM
0	-470.534905235	-512.398365589	SPAM
0	-333.222151051	-322.840040697	HAM
0	-1887.51232849	-1630.92788297	HAM
1	-344.169934943	-333.542766902	HAM
1	-154.298635668	-164.448798508	SPAM
1	-831.998475902	-873.032087758	SPAM
0	-1760.71166611	-1849.55860198	SPAM
1	-712.460647129	-698.127308355	HAM
1	-1781.02548675	-1910.68924069	SPAM
1	-2039.15695348	-2150.88056932	SPAM
Accuracy: 66.3265306122, Error Rate: 33.6734693878
